<?xml version="1.0" encoding="UTF-8"?>
<coverage generated="1760805614729" clover="3.2.0">
  <project timestamp="1760805614729" name="All files">
    <metrics statements="78" coveredstatements="70" conditionals="37" coveredconditionals="33" methods="17" coveredmethods="14" elements="132" coveredelements="117" complexity="0" loc="78" ncloc="78" packages="3" files="5" classes="5"/>
    <package name="src">
      <metrics statements="51" coveredstatements="43" conditionals="23" coveredconditionals="19" methods="8" coveredmethods="5"/>
      <file name="ParserFile.js" path="/Users/evgenijglazov/hexlet/frontend-project-46/src/ParserFile.js">
        <metrics statements="15" coveredstatements="14" conditionals="4" coveredconditionals="4" methods="4" coveredmethods="3"/>
        <line num="7" count="1" type="stmt"/>
        <line num="9" count="2" type="stmt"/>
        <line num="12" count="0" type="stmt"/>
        <line num="15" count="2" type="stmt"/>
        <line num="20" count="7" type="stmt"/>
        <line num="22" count="7" type="stmt"/>
        <line num="24" count="7" type="stmt"/>
        <line num="25" count="7" type="stmt"/>
        <line num="27" count="7" type="cond" truecount="2" falsecount="0"/>
        <line num="28" count="6" type="cond" truecount="2" falsecount="0"/>
        <line num="30" count="5" type="stmt"/>
        <line num="31" count="5" type="stmt"/>
        <line num="33" count="4" type="stmt"/>
        <line num="34" count="4" type="stmt"/>
        <line num="37" count="1" type="stmt"/>
      </file>
      <file name="const.js" path="/Users/evgenijglazov/hexlet/frontend-project-46/src/const.js">
        <metrics statements="4" coveredstatements="4" conditionals="0" coveredconditionals="0" methods="0" coveredmethods="0"/>
        <line num="1" count="1" type="stmt"/>
        <line num="2" count="1" type="stmt"/>
        <line num="4" count="1" type="stmt"/>
        <line num="10" count="1" type="stmt"/>
      </file>
      <file name="index.js" path="/Users/evgenijglazov/hexlet/frontend-project-46/src/index.js">
        <metrics statements="32" coveredstatements="25" conditionals="19" coveredconditionals="15" methods="4" coveredmethods="2"/>
        <line num="8" count="1" type="stmt"/>
        <line num="11" count="2" type="cond" truecount="1" falsecount="0"/>
        <line num="12" count="10" type="stmt"/>
        <line num="14" count="10" type="stmt"/>
        <line num="16" count="10" type="stmt"/>
        <line num="17" count="36" type="stmt"/>
        <line num="26" count="36" type="stmt"/>
        <line num="33" count="36" type="cond" truecount="5" falsecount="0"/>
        <line num="35" count="6" type="stmt"/>
        <line num="36" count="6" type="stmt"/>
        <line num="38" count="8" type="stmt"/>
        <line num="39" count="8" type="stmt"/>
        <line num="41" count="8" type="stmt"/>
        <line num="42" count="8" type="stmt"/>
        <line num="43" count="8" type="stmt"/>
        <line num="44" count="8" type="stmt"/>
        <line num="46" count="4" type="stmt"/>
        <line num="47" count="4" type="stmt"/>
        <line num="48" count="4" type="stmt"/>
        <line num="50" count="10" type="stmt"/>
        <line num="51" count="10" type="stmt"/>
        <line num="52" count="10" type="stmt"/>
        <line num="55" count="36" type="stmt"/>
        <line num="61" count="10" type="stmt"/>
        <line num="64" count="2" type="stmt"/>
        <line num="68" count="0" type="stmt"/>
        <line num="74" count="0" type="stmt"/>
        <line num="76" count="0" type="stmt"/>
        <line num="78" count="0" type="cond" truecount="0" falsecount="2"/>
        <line num="79" count="0" type="stmt"/>
        <line num="83" count="0" type="cond" truecount="0" falsecount="2"/>
        <line num="84" count="0" type="stmt"/>
      </file>
    </package>
    <package name="src.formatters">
      <metrics statements="26" coveredstatements="26" conditionals="11" coveredconditionals="11" methods="8" coveredmethods="8"/>
      <file name="stylish.js" path="/Users/evgenijglazov/hexlet/frontend-project-46/src/formatters/stylish.js">
        <metrics statements="26" coveredstatements="26" conditionals="11" coveredconditionals="11" methods="8" coveredmethods="8"/>
        <line num="4" count="1" type="stmt"/>
        <line num="10" count="1" type="stmt"/>
        <line num="11" count="44" type="cond" truecount="2" falsecount="0"/>
        <line num="12" count="16" type="cond" truecount="2" falsecount="0"/>
        <line num="15" count="24" type="stmt"/>
        <line num="20" count="1" type="stmt"/>
        <line num="21" count="54" type="cond" truecount="2" falsecount="0"/>
        <line num="22" count="40" type="cond" truecount="2" falsecount="0"/>
        <line num="25" count="14" type="stmt"/>
        <line num="27" count="14" type="stmt"/>
        <line num="28" count="18" type="stmt"/>
        <line num="31" count="14" type="stmt"/>
        <line num="35" count="2" type="stmt"/>
        <line num="36" count="10" type="stmt"/>
        <line num="38" count="10" type="stmt"/>
        <line num="39" count="36" type="stmt"/>
        <line num="40" count="36" type="stmt"/>
        <line num="41" count="36" type="stmt"/>
        <line num="43" count="36" type="stmt"/>
        <line num="44" count="44" type="stmt"/>
        <line num="45" count="44" type="stmt"/>
        <line num="47" count="44" type="cond" truecount="2" falsecount="0"/>
        <line num="51" count="44" type="stmt"/>
        <line num="54" count="36" type="stmt"/>
        <line num="57" count="10" type="stmt"/>
        <line num="60" count="2" type="stmt"/>
      </file>
    </package>
    <package name="src.utils">
      <metrics statements="1" coveredstatements="1" conditionals="3" coveredconditionals="3" methods="1" coveredmethods="1"/>
      <file name="isObject.js" path="/Users/evgenijglazov/hexlet/frontend-project-46/src/utils/isObject.js">
        <metrics statements="1" coveredstatements="1" conditionals="3" coveredconditionals="3" methods="1" coveredmethods="1"/>
        <line num="1" count="146" type="cond" truecount="3" falsecount="0"/>
      </file>
    </package>
  </project>
</coverage>
