{"/Users/evgenijglazov/hexlet/frontend-project-46/src/ParserFile.js": {"path":"/Users/evgenijglazov/hexlet/frontend-project-46/src/ParserFile.js","statementMap":{"0":{"start":{"line":7,"column":15},"end":{"line":17,"column":1}},"1":{"start":{"line":9,"column":4},"end":{"line":9,"column":27}},"2":{"start":{"line":12,"column":4},"end":{"line":12,"column":26}},"3":{"start":{"line":15,"column":4},"end":{"line":15,"column":26}},"4":{"start":{"line":20,"column":14},"end":{"line":20,"column":36}},"5":{"start":{"line":22,"column":18},"end":{"line":22,"column":42}},"6":{"start":{"line":24,"column":23},"end":{"line":24,"column":43}},"7":{"start":{"line":25,"column":18},"end":{"line":25,"column":45}},"8":{"start":{"line":27,"column":2},"end":{"line":27,"column":46}},"9":{"start":{"line":27,"column":16},"end":{"line":27,"column":46}},"10":{"start":{"line":28,"column":2},"end":{"line":28,"column":58}},"11":{"start":{"line":28,"column":16},"end":{"line":28,"column":58}},"12":{"start":{"line":30,"column":2},"end":{"line":38,"column":3}},"13":{"start":{"line":31,"column":17},"end":{"line":31,"column":69}},"14":{"start":{"line":33,"column":19},"end":{"line":33,"column":30}},"15":{"start":{"line":34,"column":4},"end":{"line":34,"column":23}},"16":{"start":{"line":37,"column":4},"end":{"line":37,"column":48}}},"fnMap":{"0":{"name":"(anonymous_0)","decl":{"start":{"line":8,"column":8},"end":{"line":8,"column":9}},"loc":{"start":{"line":8,"column":18},"end":{"line":10,"column":3}},"line":8},"1":{"name":"(anonymous_1)","decl":{"start":{"line":11,"column":8},"end":{"line":11,"column":9}},"loc":{"start":{"line":11,"column":18},"end":{"line":13,"column":3}},"line":11},"2":{"name":"(anonymous_2)","decl":{"start":{"line":14,"column":7},"end":{"line":14,"column":8}},"loc":{"start":{"line":14,"column":17},"end":{"line":16,"column":3}},"line":14},"3":{"name":"(anonymous_3)","decl":{"start":{"line":19,"column":15},"end":{"line":19,"column":16}},"loc":{"start":{"line":19,"column":31},"end":{"line":39,"column":1}},"line":19}},"branchMap":{"0":{"loc":{"start":{"line":27,"column":2},"end":{"line":27,"column":46}},"type":"if","locations":[{"start":{"line":27,"column":2},"end":{"line":27,"column":46}},{"start":{},"end":{}}],"line":27},"1":{"loc":{"start":{"line":28,"column":2},"end":{"line":28,"column":58}},"type":"if","locations":[{"start":{"line":28,"column":2},"end":{"line":28,"column":58}},{"start":{},"end":{}}],"line":28}},"s":{"0":1,"1":4,"2":0,"3":2,"4":9,"5":9,"6":9,"7":9,"8":9,"9":1,"10":8,"11":1,"12":7,"13":7,"14":6,"15":6,"16":1},"f":{"0":4,"1":0,"2":2,"3":9},"b":{"0":[1,8],"1":[1,7]},"inputSourceMap":null,"_coverageSchema":"1a1c01bbd47fc00a2c39e90264f33305004495a9","hash":"14d013ad291a26165066e86f59eaadc5b5ea5b32"}
,"/Users/evgenijglazov/hexlet/frontend-project-46/src/const.js": {"path":"/Users/evgenijglazov/hexlet/frontend-project-46/src/const.js","statementMap":{"0":{"start":{"line":1,"column":19},"end":{"line":1,"column":42}},"1":{"start":{"line":2,"column":16},"end":{"line":2,"column":20}},"2":{"start":{"line":4,"column":20},"end":{"line":9,"column":1}}},"fnMap":{},"branchMap":{},"s":{"0":1,"1":1,"2":1},"f":{},"b":{},"inputSourceMap":null,"_coverageSchema":"1a1c01bbd47fc00a2c39e90264f33305004495a9","hash":"b8393c04b11e747e9326085010a023e8bd0d73cc"}
,"/Users/evgenijglazov/hexlet/frontend-project-46/src/index.js": {"path":"/Users/evgenijglazov/hexlet/frontend-project-46/src/index.js","statementMap":{"0":{"start":{"line":7,"column":47},"end":{"line":7,"column":58}},"1":{"start":{"line":10,"column":15},"end":{"line":61,"column":3}},"2":{"start":{"line":11,"column":17},"end":{"line":11,"column":69}},"3":{"start":{"line":13,"column":16},"end":{"line":13,"column":39}},"4":{"start":{"line":15,"column":4},"end":{"line":58,"column":5}},"5":{"start":{"line":16,"column":19},"end":{"line":23,"column":7}},"6":{"start":{"line":25,"column":23},"end":{"line":30,"column":7}},"7":{"start":{"line":32,"column":6},"end":{"line":52,"column":7}},"8":{"start":{"line":34,"column":10},"end":{"line":34,"column":37}},"9":{"start":{"line":35,"column":10},"end":{"line":35,"column":15}},"10":{"start":{"line":37,"column":10},"end":{"line":37,"column":65}},"11":{"start":{"line":38,"column":10},"end":{"line":38,"column":15}},"12":{"start":{"line":40,"column":10},"end":{"line":40,"column":30}},"13":{"start":{"line":41,"column":10},"end":{"line":41,"column":40}},"14":{"start":{"line":42,"column":10},"end":{"line":42,"column":38}},"15":{"start":{"line":43,"column":10},"end":{"line":43,"column":15}},"16":{"start":{"line":45,"column":10},"end":{"line":45,"column":29}},"17":{"start":{"line":46,"column":10},"end":{"line":46,"column":40}},"18":{"start":{"line":47,"column":10},"end":{"line":47,"column":15}},"19":{"start":{"line":49,"column":10},"end":{"line":49,"column":27}},"20":{"start":{"line":50,"column":10},"end":{"line":50,"column":38}},"21":{"start":{"line":51,"column":10},"end":{"line":51,"column":15}},"22":{"start":{"line":54,"column":6},"end":{"line":57,"column":8}},"23":{"start":{"line":60,"column":4},"end":{"line":60,"column":14}},"24":{"start":{"line":63,"column":2},"end":{"line":63,"column":36}},"25":{"start":{"line":67,"column":17},"end":{"line":67,"column":68}},"26":{"start":{"line":69,"column":2},"end":{"line":71,"column":3}},"27":{"start":{"line":70,"column":4},"end":{"line":70,"column":26}},"28":{"start":{"line":73,"column":2},"end":{"line":75,"column":3}},"29":{"start":{"line":74,"column":4},"end":{"line":74,"column":24}}},"fnMap":{"0":{"name":"diff","decl":{"start":{"line":9,"column":16},"end":{"line":9,"column":20}},"loc":{"start":{"line":9,"column":44},"end":{"line":64,"column":1}},"line":9},"1":{"name":"(anonymous_1)","decl":{"start":{"line":10,"column":15},"end":{"line":10,"column":16}},"loc":{"start":{"line":10,"column":42},"end":{"line":61,"column":3}},"line":10},"2":{"name":"(anonymous_2)","decl":{"start":{"line":66,"column":15},"end":{"line":66,"column":16}},"loc":{"start":{"line":66,"column":72},"end":{"line":76,"column":1}},"line":66}},"branchMap":{"0":{"loc":{"start":{"line":10,"column":28},"end":{"line":10,"column":37}},"type":"default-arg","locations":[{"start":{"line":10,"column":36},"end":{"line":10,"column":37}}],"line":10},"1":{"loc":{"start":{"line":29,"column":19},"end":{"line":29,"column":61}},"type":"binary-expr","locations":[{"start":{"line":29,"column":19},"end":{"line":29,"column":38}},{"start":{"line":29,"column":42},"end":{"line":29,"column":61}}],"line":29},"2":{"loc":{"start":{"line":32,"column":6},"end":{"line":52,"column":7}},"type":"switch","locations":[{"start":{"line":33,"column":8},"end":{"line":35,"column":15}},{"start":{"line":36,"column":8},"end":{"line":38,"column":15}},{"start":{"line":39,"column":8},"end":{"line":43,"column":15}},{"start":{"line":44,"column":8},"end":{"line":47,"column":15}},{"start":{"line":48,"column":8},"end":{"line":51,"column":15}}],"line":32},"3":{"loc":{"start":{"line":39,"column":13},"end":{"line":39,"column":83}},"type":"binary-expr","locations":[{"start":{"line":39,"column":13},"end":{"line":39,"column":33}},{"start":{"line":39,"column":37},"end":{"line":39,"column":58}},{"start":{"line":39,"column":62},"end":{"line":39,"column":83}}],"line":39},"4":{"loc":{"start":{"line":44,"column":13},"end":{"line":44,"column":59}},"type":"binary-expr","locations":[{"start":{"line":44,"column":13},"end":{"line":44,"column":33}},{"start":{"line":44,"column":37},"end":{"line":44,"column":59}}],"line":44},"5":{"loc":{"start":{"line":48,"column":13},"end":{"line":48,"column":59}},"type":"binary-expr","locations":[{"start":{"line":48,"column":13},"end":{"line":48,"column":34}},{"start":{"line":48,"column":38},"end":{"line":48,"column":59}}],"line":48},"6":{"loc":{"start":{"line":66,"column":48},"end":{"line":66,"column":70}},"type":"default-arg","locations":[{"start":{"line":66,"column":61},"end":{"line":66,"column":70}}],"line":66},"7":{"loc":{"start":{"line":69,"column":2},"end":{"line":71,"column":3}},"type":"if","locations":[{"start":{"line":69,"column":2},"end":{"line":71,"column":3}},{"start":{},"end":{}}],"line":69},"8":{"loc":{"start":{"line":73,"column":2},"end":{"line":75,"column":3}},"type":"if","locations":[{"start":{"line":73,"column":2},"end":{"line":75,"column":3}},{"start":{},"end":{}}],"line":73}},"s":{"0":1,"1":3,"2":15,"3":15,"4":15,"5":54,"6":54,"7":54,"8":9,"9":9,"10":12,"11":12,"12":12,"13":12,"14":12,"15":12,"16":6,"17":6,"18":6,"19":15,"20":15,"21":15,"22":54,"23":15,"24":3,"25":0,"26":0,"27":0,"28":0,"29":0},"f":{"0":3,"1":15,"2":0},"b":{"0":[3],"1":[54,18],"2":[9,12,12,6,15],"3":[33,18,12],"4":[21,6],"5":[15,15],"6":[0],"7":[0,0],"8":[0,0]},"inputSourceMap":null,"_coverageSchema":"1a1c01bbd47fc00a2c39e90264f33305004495a9","hash":"202b81eeaa2e61fa7559e47ebc64c0c54487d45e"}
,"/Users/evgenijglazov/hexlet/frontend-project-46/src/formatters/index.js": {"path":"/Users/evgenijglazov/hexlet/frontend-project-46/src/formatters/index.js","statementMap":{},"fnMap":{},"branchMap":{},"s":{},"f":{},"b":{},"inputSourceMap":null,"_coverageSchema":"1a1c01bbd47fc00a2c39e90264f33305004495a9","hash":"18c4e27d32f1fbea3c7bb95d24571384d621fd50"}
,"/Users/evgenijglazov/hexlet/frontend-project-46/src/formatters/plain/const.js": {"path":"/Users/evgenijglazov/hexlet/frontend-project-46/src/formatters/plain/const.js","statementMap":{"0":{"start":{"line":1,"column":28},"end":{"line":1,"column":45}}},"fnMap":{},"branchMap":{},"s":{"0":1},"f":{},"b":{},"inputSourceMap":null,"_coverageSchema":"1a1c01bbd47fc00a2c39e90264f33305004495a9","hash":"b04c99750f2ddc22e771338fbc113487ad07c4ff"}
,"/Users/evgenijglazov/hexlet/frontend-project-46/src/formatters/plain/index.js": {"path":"/Users/evgenijglazov/hexlet/frontend-project-46/src/formatters/plain/index.js","statementMap":{},"fnMap":{},"branchMap":{},"s":{},"f":{},"b":{},"inputSourceMap":null,"_coverageSchema":"1a1c01bbd47fc00a2c39e90264f33305004495a9","hash":"f7b39c9ce4875728a7d29ca89d3e5fd812c38619"}
,"/Users/evgenijglazov/hexlet/frontend-project-46/src/formatters/plain/plain.js": {"path":"/Users/evgenijglazov/hexlet/frontend-project-46/src/formatters/plain/plain.js","statementMap":{"0":{"start":{"line":4,"column":21},"end":{"line":4,"column":32}},"1":{"start":{"line":7,"column":15},"end":{"line":23,"column":3}},"2":{"start":{"line":8,"column":4},"end":{"line":10,"column":5}},"3":{"start":{"line":9,"column":6},"end":{"line":9,"column":26}},"4":{"start":{"line":12,"column":18},"end":{"line":20,"column":6}},"5":{"start":{"line":13,"column":29},"end":{"line":13,"column":33}},"6":{"start":{"line":14,"column":30},"end":{"line":14,"column":34}},"7":{"start":{"line":15,"column":23},"end":{"line":15,"column":45}},"8":{"start":{"line":17,"column":6},"end":{"line":19,"column":44}},"9":{"start":{"line":22,"column":4},"end":{"line":22,"column":46}},"10":{"start":{"line":25,"column":2},"end":{"line":25,"column":23}}},"fnMap":{"0":{"name":"plain","decl":{"start":{"line":6,"column":24},"end":{"line":6,"column":29}},"loc":{"start":{"line":6,"column":44},"end":{"line":26,"column":1}},"line":6},"1":{"name":"(anonymous_1)","decl":{"start":{"line":7,"column":15},"end":{"line":7,"column":16}},"loc":{"start":{"line":7,"column":36},"end":{"line":23,"column":3}},"line":7},"2":{"name":"(anonymous_2)","decl":{"start":{"line":12,"column":28},"end":{"line":12,"column":29}},"loc":{"start":{"line":12,"column":38},"end":{"line":20,"column":5}},"line":12}},"branchMap":{"0":{"loc":{"start":{"line":7,"column":23},"end":{"line":7,"column":31}},"type":"default-arg","locations":[{"start":{"line":7,"column":29},"end":{"line":7,"column":31}}],"line":7},"1":{"loc":{"start":{"line":8,"column":4},"end":{"line":10,"column":5}},"type":"if","locations":[{"start":{"line":8,"column":4},"end":{"line":10,"column":5}},{"start":{},"end":{}}],"line":8},"2":{"loc":{"start":{"line":17,"column":13},"end":{"line":19,"column":44}},"type":"cond-expr","locations":[{"start":{"line":18,"column":10},"end":{"line":18,"column":47}},{"start":{"line":19,"column":10},"end":{"line":19,"column":44}}],"line":17}},"s":{"0":1,"1":1,"2":5,"3":0,"4":5,"5":18,"6":18,"7":18,"8":18,"9":5,"10":1},"f":{"0":1,"1":5,"2":18},"b":{"0":[1],"1":[0,5],"2":[7,11]},"inputSourceMap":null,"_coverageSchema":"1a1c01bbd47fc00a2c39e90264f33305004495a9","hash":"af16042512b87b19e90c996ae186afbfb8c0bf30"}
,"/Users/evgenijglazov/hexlet/frontend-project-46/src/formatters/plain/util.js": {"path":"/Users/evgenijglazov/hexlet/frontend-project-46/src/formatters/plain/util.js","statementMap":{"0":{"start":{"line":5,"column":37},"end":{"line":5,"column":48}},"1":{"start":{"line":7,"column":30},"end":{"line":11,"column":1}},"2":{"start":{"line":8,"column":26},"end":{"line":8,"column":58}},"3":{"start":{"line":9,"column":19},"end":{"line":9,"column":32}},"4":{"start":{"line":10,"column":38},"end":{"line":10,"column":80}},"5":{"start":{"line":13,"column":27},"end":{"line":18,"column":1}},"6":{"start":{"line":14,"column":2},"end":{"line":17,"column":8}},"7":{"start":{"line":15,"column":4},"end":{"line":15,"column":39}},"8":{"start":{"line":16,"column":4},"end":{"line":16,"column":14}},"9":{"start":{"line":20,"column":26},"end":{"line":24,"column":1}},"10":{"start":{"line":21,"column":2},"end":{"line":21,"column":42}},"11":{"start":{"line":21,"column":23},"end":{"line":21,"column":42}},"12":{"start":{"line":22,"column":2},"end":{"line":22,"column":52}},"13":{"start":{"line":22,"column":33},"end":{"line":22,"column":52}},"14":{"start":{"line":23,"column":2},"end":{"line":23,"column":14}},"15":{"start":{"line":26,"column":27},"end":{"line":31,"column":1}},"16":{"start":{"line":27,"column":2},"end":{"line":29,"column":3}},"17":{"start":{"line":28,"column":4},"end":{"line":28,"column":22}},"18":{"start":{"line":30,"column":2},"end":{"line":30,"column":26}},"19":{"start":{"line":33,"column":30},"end":{"line":36,"column":1}},"20":{"start":{"line":34,"column":16},"end":{"line":34,"column":37}},"21":{"start":{"line":35,"column":2},"end":{"line":35,"column":53}},"22":{"start":{"line":38,"column":27},"end":{"line":41,"column":1}},"23":{"start":{"line":39,"column":25},"end":{"line":39,"column":43}},"24":{"start":{"line":40,"column":2},"end":{"line":40,"column":73}}},"fnMap":{"0":{"name":"(anonymous_0)","decl":{"start":{"line":8,"column":11},"end":{"line":8,"column":12}},"loc":{"start":{"line":8,"column":26},"end":{"line":8,"column":58}},"line":8},"1":{"name":"(anonymous_1)","decl":{"start":{"line":9,"column":13},"end":{"line":9,"column":14}},"loc":{"start":{"line":9,"column":19},"end":{"line":9,"column":32}},"line":9},"2":{"name":"(anonymous_2)","decl":{"start":{"line":10,"column":14},"end":{"line":10,"column":15}},"loc":{"start":{"line":10,"column":38},"end":{"line":10,"column":80}},"line":10},"3":{"name":"(anonymous_3)","decl":{"start":{"line":13,"column":27},"end":{"line":13,"column":28}},"loc":{"start":{"line":13,"column":39},"end":{"line":18,"column":1}},"line":13},"4":{"name":"(anonymous_4)","decl":{"start":{"line":14,"column":39},"end":{"line":14,"column":40}},"loc":{"start":{"line":14,"column":62},"end":{"line":17,"column":3}},"line":14},"5":{"name":"(anonymous_5)","decl":{"start":{"line":20,"column":26},"end":{"line":20,"column":27}},"loc":{"start":{"line":20,"column":37},"end":{"line":24,"column":1}},"line":20},"6":{"name":"(anonymous_6)","decl":{"start":{"line":26,"column":27},"end":{"line":26,"column":28}},"loc":{"start":{"line":26,"column":43},"end":{"line":31,"column":1}},"line":26},"7":{"name":"(anonymous_7)","decl":{"start":{"line":33,"column":30},"end":{"line":33,"column":31}},"loc":{"start":{"line":33,"column":57},"end":{"line":36,"column":1}},"line":33},"8":{"name":"(anonymous_8)","decl":{"start":{"line":38,"column":27},"end":{"line":38,"column":28}},"loc":{"start":{"line":38,"column":54},"end":{"line":41,"column":1}},"line":38}},"branchMap":{"0":{"loc":{"start":{"line":21,"column":2},"end":{"line":21,"column":42}},"type":"if","locations":[{"start":{"line":21,"column":2},"end":{"line":21,"column":42}},{"start":{},"end":{}}],"line":21},"1":{"loc":{"start":{"line":22,"column":2},"end":{"line":22,"column":52}},"type":"if","locations":[{"start":{"line":22,"column":2},"end":{"line":22,"column":52}},{"start":{},"end":{}}],"line":22},"2":{"loc":{"start":{"line":27,"column":2},"end":{"line":29,"column":3}},"type":"if","locations":[{"start":{"line":27,"column":2},"end":{"line":29,"column":3}},{"start":{},"end":{}}],"line":27},"3":{"loc":{"start":{"line":35,"column":9},"end":{"line":35,"column":53}},"type":"binary-expr","locations":[{"start":{"line":35,"column":9},"end":{"line":35,"column":14}},{"start":{"line":35,"column":18},"end":{"line":35,"column":53}}],"line":35}},"s":{"0":1,"1":1,"2":5,"3":2,"4":4,"5":1,"6":11,"7":33,"8":33,"9":1,"10":33,"11":4,"12":29,"13":7,"14":22,"15":1,"16":18,"17":4,"18":14,"19":1,"20":7,"21":7,"22":1,"23":11,"24":11},"f":{"0":5,"1":2,"2":4,"3":11,"4":33,"5":33,"6":18,"7":7,"8":11},"b":{"0":[4,29],"1":[7,22],"2":[4,14],"3":[7,4]},"inputSourceMap":null,"_coverageSchema":"1a1c01bbd47fc00a2c39e90264f33305004495a9","hash":"8c4fd2135790f5a50bb1484032eb7fe020aed193"}
,"/Users/evgenijglazov/hexlet/frontend-project-46/src/formatters/stylish/const.js": {"path":"/Users/evgenijglazov/hexlet/frontend-project-46/src/formatters/stylish/const.js","statementMap":{"0":{"start":{"line":3,"column":28},"end":{"line":8,"column":1}},"1":{"start":{"line":10,"column":28},"end":{"line":14,"column":1}}},"fnMap":{},"branchMap":{},"s":{"0":1,"1":1},"f":{},"b":{},"inputSourceMap":null,"_coverageSchema":"1a1c01bbd47fc00a2c39e90264f33305004495a9","hash":"0b9caea85cb5eceb8ed35823f7bf5e4a3880cce8"}
,"/Users/evgenijglazov/hexlet/frontend-project-46/src/formatters/stylish/index.js": {"path":"/Users/evgenijglazov/hexlet/frontend-project-46/src/formatters/stylish/index.js","statementMap":{},"fnMap":{},"branchMap":{},"s":{},"f":{},"b":{},"inputSourceMap":null,"_coverageSchema":"1a1c01bbd47fc00a2c39e90264f33305004495a9","hash":"227c07964427f9bd5dc2ca7ac1350a45f0c373e5"}
,"/Users/evgenijglazov/hexlet/frontend-project-46/src/formatters/stylish/stylish.js": {"path":"/Users/evgenijglazov/hexlet/frontend-project-46/src/formatters/stylish/stylish.js","statementMap":{"0":{"start":{"line":7,"column":15},"end":{"line":30,"column":3}},"1":{"start":{"line":8,"column":45},"end":{"line":8,"column":75}},"2":{"start":{"line":10,"column":18},"end":{"line":27,"column":6}},"3":{"start":{"line":11,"column":29},"end":{"line":11,"column":33}},"4":{"start":{"line":12,"column":30},"end":{"line":12,"column":34}},"5":{"start":{"line":13,"column":21},"end":{"line":13,"column":39}},"6":{"start":{"line":15,"column":19},"end":{"line":24,"column":8}},"7":{"start":{"line":16,"column":22},"end":{"line":16,"column":41}},"8":{"start":{"line":17,"column":29},"end":{"line":17,"column":41}},"9":{"start":{"line":19,"column":23},"end":{"line":21,"column":56}},"10":{"start":{"line":23,"column":8},"end":{"line":23,"column":73}},"11":{"start":{"line":26,"column":6},"end":{"line":26,"column":17}},"12":{"start":{"line":29,"column":4},"end":{"line":29,"column":61}},"13":{"start":{"line":32,"column":2},"end":{"line":32,"column":38}}},"fnMap":{"0":{"name":"stylish","decl":{"start":{"line":6,"column":24},"end":{"line":6,"column":31}},"loc":{"start":{"line":6,"column":56},"end":{"line":33,"column":1}},"line":6},"1":{"name":"(anonymous_1)","decl":{"start":{"line":7,"column":15},"end":{"line":7,"column":16}},"loc":{"start":{"line":7,"column":33},"end":{"line":30,"column":3}},"line":7},"2":{"name":"(anonymous_2)","decl":{"start":{"line":10,"column":32},"end":{"line":10,"column":33}},"loc":{"start":{"line":10,"column":42},"end":{"line":27,"column":5}},"line":10},"3":{"name":"(anonymous_3)","decl":{"start":{"line":15,"column":34},"end":{"line":15,"column":35}},"loc":{"start":{"line":15,"column":45},"end":{"line":24,"column":7}},"line":15}},"branchMap":{"0":{"loc":{"start":{"line":6,"column":37},"end":{"line":6,"column":54}},"type":"default-arg","locations":[{"start":{"line":6,"column":48},"end":{"line":6,"column":54}}],"line":6},"1":{"loc":{"start":{"line":19,"column":23},"end":{"line":21,"column":56}},"type":"cond-expr","locations":[{"start":{"line":20,"column":12},"end":{"line":20,"column":59}},{"start":{"line":21,"column":12},"end":{"line":21,"column":56}}],"line":19}},"s":{"0":2,"1":10,"2":10,"3":36,"4":36,"5":36,"6":36,"7":44,"8":44,"9":44,"10":44,"11":36,"12":10,"13":2},"f":{"0":2,"1":10,"2":36,"3":44},"b":{"0":[2],"1":[8,36]},"inputSourceMap":null,"_coverageSchema":"1a1c01bbd47fc00a2c39e90264f33305004495a9","hash":"ec752633cf4ee7fd5b1d0705198b5f11dba1cd27"}
,"/Users/evgenijglazov/hexlet/frontend-project-46/src/formatters/stylish/util.js": {"path":"/Users/evgenijglazov/hexlet/frontend-project-46/src/formatters/stylish/util.js","statementMap":{"0":{"start":{"line":4,"column":29},"end":{"line":7,"column":2}},"1":{"start":{"line":4,"column":51},"end":{"line":7,"column":1}},"2":{"start":{"line":9,"column":25},"end":{"line":21,"column":1}},"3":{"start":{"line":10,"column":2},"end":{"line":12,"column":3}},"4":{"start":{"line":11,"column":4},"end":{"line":11,"column":50}},"5":{"start":{"line":14,"column":43},"end":{"line":14,"column":73}},"6":{"start":{"line":16,"column":16},"end":{"line":18,"column":4}},"7":{"start":{"line":17,"column":4},"end":{"line":17,"column":75}},"8":{"start":{"line":20,"column":2},"end":{"line":20,"column":59}}},"fnMap":{"0":{"name":"(anonymous_0)","decl":{"start":{"line":4,"column":29},"end":{"line":4,"column":30}},"loc":{"start":{"line":4,"column":51},"end":{"line":7,"column":1}},"line":4},"1":{"name":"(anonymous_1)","decl":{"start":{"line":9,"column":25},"end":{"line":9,"column":26}},"loc":{"start":{"line":9,"column":53},"end":{"line":21,"column":1}},"line":9},"2":{"name":"(anonymous_2)","decl":{"start":{"line":16,"column":46},"end":{"line":16,"column":47}},"loc":{"start":{"line":16,"column":62},"end":{"line":18,"column":3}},"line":16}},"branchMap":{"0":{"loc":{"start":{"line":10,"column":2},"end":{"line":12,"column":3}},"type":"if","locations":[{"start":{"line":10,"column":2},"end":{"line":12,"column":3}},{"start":{},"end":{}}],"line":10},"1":{"loc":{"start":{"line":11,"column":11},"end":{"line":11,"column":50}},"type":"cond-expr","locations":[{"start":{"line":11,"column":28},"end":{"line":11,"column":34}},{"start":{"line":11,"column":37},"end":{"line":11,"column":50}}],"line":11}},"s":{"0":1,"1":24,"2":1,"3":54,"4":40,"5":14,"6":14,"7":18,"8":14},"f":{"0":24,"1":54,"2":18},"b":{"0":[40,14],"1":[2,38]},"inputSourceMap":null,"_coverageSchema":"1a1c01bbd47fc00a2c39e90264f33305004495a9","hash":"50f7c1f72b054673ec69dc7048df0421e12ee328"}
,"/Users/evgenijglazov/hexlet/frontend-project-46/src/utils/index.js": {"path":"/Users/evgenijglazov/hexlet/frontend-project-46/src/utils/index.js","statementMap":{},"fnMap":{},"branchMap":{},"s":{},"f":{},"b":{},"inputSourceMap":null,"_coverageSchema":"1a1c01bbd47fc00a2c39e90264f33305004495a9","hash":"7335eadb24dfc160ebc287ec8e4fafd216d81ec3"}
,"/Users/evgenijglazov/hexlet/frontend-project-46/src/utils/isAstNode.js": {"path":"/Users/evgenijglazov/hexlet/frontend-project-46/src/utils/isAstNode.js","statementMap":{"0":{"start":{"line":3,"column":18},"end":{"line":6,"column":1}},"1":{"start":{"line":4,"column":2},"end":{"line":4,"column":36}},"2":{"start":{"line":4,"column":24},"end":{"line":4,"column":36}},"3":{"start":{"line":5,"column":2},"end":{"line":5,"column":61}}},"fnMap":{"0":{"name":"(anonymous_0)","decl":{"start":{"line":3,"column":18},"end":{"line":3,"column":19}},"loc":{"start":{"line":3,"column":29},"end":{"line":6,"column":1}},"line":3}},"branchMap":{"0":{"loc":{"start":{"line":4,"column":2},"end":{"line":4,"column":36}},"type":"if","locations":[{"start":{"line":4,"column":2},"end":{"line":4,"column":36}},{"start":{},"end":{}}],"line":4},"1":{"loc":{"start":{"line":5,"column":9},"end":{"line":5,"column":61}},"type":"binary-expr","locations":[{"start":{"line":5,"column":9},"end":{"line":5,"column":28}},{"start":{"line":5,"column":32},"end":{"line":5,"column":61}}],"line":5}},"s":{"0":1,"1":51,"2":31,"3":20},"f":{"0":51},"b":{"0":[31,20],"1":[20,12]},"inputSourceMap":null,"_coverageSchema":"1a1c01bbd47fc00a2c39e90264f33305004495a9","hash":"3a77b817eae848474d5e5f2a9b4ac0ef3c7983c5"}
,"/Users/evgenijglazov/hexlet/frontend-project-46/src/utils/isObject.js": {"path":"/Users/evgenijglazov/hexlet/frontend-project-46/src/utils/isObject.js","statementMap":{"0":{"start":{"line":1,"column":17},"end":{"line":1,"column":78}},"1":{"start":{"line":1,"column":22},"end":{"line":1,"column":78}}},"fnMap":{"0":{"name":"(anonymous_0)","decl":{"start":{"line":1,"column":17},"end":{"line":1,"column":18}},"loc":{"start":{"line":1,"column":22},"end":{"line":1,"column":78}},"line":1}},"branchMap":{"0":{"loc":{"start":{"line":1,"column":22},"end":{"line":1,"column":78}},"type":"binary-expr","locations":[{"start":{"line":1,"column":22},"end":{"line":1,"column":43}},{"start":{"line":1,"column":47},"end":{"line":1,"column":64}},{"start":{"line":1,"column":68},"end":{"line":1,"column":78}}],"line":1}},"s":{"0":1,"1":210},"f":{"0":210},"b":{"0":[210,91,91]},"inputSourceMap":null,"_coverageSchema":"1a1c01bbd47fc00a2c39e90264f33305004495a9","hash":"1fcaf6772cd4c89dc50e2b379251247f6381b0bd"}
}
