TN:
SF:src/ParserFile.js
FN:8,(anonymous_0)
FN:11,(anonymous_1)
FN:14,(anonymous_2)
FN:19,(anonymous_3)
FNF:4
FNH:3
FNDA:2,(anonymous_0)
FNDA:0,(anonymous_1)
FNDA:2,(anonymous_2)
FNDA:7,(anonymous_3)
DA:7,1
DA:9,2
DA:12,0
DA:15,2
DA:20,7
DA:22,7
DA:24,7
DA:25,7
DA:27,7
DA:28,6
DA:30,5
DA:31,5
DA:33,4
DA:34,4
DA:37,1
LF:15
LH:14
BRDA:27,0,0,1
BRDA:27,0,1,6
BRDA:28,1,0,1
BRDA:28,1,1,5
BRF:4
BRH:4
end_of_record
TN:
SF:src/const.js
FNF:0
FNH:0
DA:1,1
DA:2,1
LF:2
LH:2
BRF:0
BRH:0
end_of_record
TN:
SF:src/index.js
FN:6,diff
FN:31,(anonymous_1)
FN:39,(anonymous_2)
FNF:3
FNH:1
FNDA:2,diff
FNDA:0,(anonymous_1)
FNDA:0,(anonymous_2)
DA:7,2
DA:8,2
DA:9,2
DA:11,2
DA:12,2
DA:13,10
DA:15,10
DA:16,2
DA:17,2
DA:19,8
DA:20,6
DA:23,8
DA:24,4
DA:28,2
DA:32,0
DA:38,0
DA:40,0
DA:43,0
DA:44,0
LF:19
LH:14
BRDA:13,0,0,10
BRDA:13,0,1,8
BRDA:15,1,0,2
BRDA:15,1,1,8
BRDA:15,2,0,10
BRDA:15,2,1,4
BRDA:19,3,0,6
BRDA:19,3,1,2
BRDA:23,4,0,4
BRDA:23,4,1,4
BRDA:43,5,0,0
BRDA:43,5,1,0
BRF:12
BRH:10
end_of_record
