TN:
SF:src/ParserFile.js
FN:8,(anonymous_0)
FN:11,(anonymous_1)
FN:14,(anonymous_2)
FN:19,(anonymous_3)
FNF:4
FNH:3
FNDA:2,(anonymous_0)
FNDA:0,(anonymous_1)
FNDA:2,(anonymous_2)
FNDA:7,(anonymous_3)
DA:7,1
DA:9,2
DA:12,0
DA:15,2
DA:20,7
DA:22,7
DA:24,7
DA:25,7
DA:27,7
DA:28,6
DA:30,5
DA:31,5
DA:33,4
DA:34,4
DA:37,1
LF:15
LH:14
BRDA:27,0,0,1
BRDA:27,0,1,6
BRDA:28,1,0,1
BRDA:28,1,1,5
BRF:4
BRH:4
end_of_record
TN:
SF:src/const.js
FNF:0
FNH:0
DA:1,1
DA:2,1
DA:4,1
DA:10,1
LF:4
LH:4
BRF:0
BRH:0
end_of_record
TN:
SF:src/index.js
FN:10,diff
FN:11,(anonymous_1)
FN:67,(anonymous_2)
FN:75,(anonymous_3)
FNF:4
FNH:2
FNDA:2,diff
FNDA:10,(anonymous_1)
FNDA:0,(anonymous_2)
FNDA:0,(anonymous_3)
DA:8,1
DA:11,2
DA:12,10
DA:14,10
DA:16,10
DA:17,36
DA:26,36
DA:33,36
DA:35,6
DA:36,6
DA:38,8
DA:39,8
DA:41,8
DA:42,8
DA:43,8
DA:44,8
DA:46,4
DA:47,4
DA:48,4
DA:50,10
DA:51,10
DA:52,10
DA:55,36
DA:61,10
DA:64,2
DA:68,0
DA:74,0
DA:76,0
DA:78,0
DA:79,0
DA:83,0
DA:84,0
LF:32
LH:25
BRDA:11,0,0,2
BRDA:30,1,0,36
BRDA:30,1,1,12
BRDA:33,2,0,6
BRDA:33,2,1,8
BRDA:33,2,2,8
BRDA:33,2,3,4
BRDA:33,2,4,10
BRDA:40,3,0,22
BRDA:40,3,1,12
BRDA:40,3,2,8
BRDA:45,4,0,14
BRDA:45,4,1,4
BRDA:49,5,0,10
BRDA:49,5,1,10
BRDA:78,6,0,0
BRDA:78,6,1,0
BRDA:83,7,0,0
BRDA:83,7,1,0
BRF:19
BRH:15
end_of_record
TN:
SF:src/formatters/stylish.js
FN:10,(anonymous_0)
FN:15,(anonymous_1)
FN:20,(anonymous_2)
FN:27,(anonymous_3)
FN:34,stylish
FN:35,(anonymous_5)
FN:38,(anonymous_6)
FN:43,(anonymous_7)
FNF:8
FNH:8
FNDA:44,(anonymous_0)
FNDA:24,(anonymous_1)
FNDA:54,(anonymous_2)
FNDA:18,(anonymous_3)
FNDA:2,stylish
FNDA:10,(anonymous_5)
FNDA:36,(anonymous_6)
FNDA:44,(anonymous_7)
DA:4,1
DA:10,1
DA:11,44
DA:12,16
DA:15,24
DA:20,1
DA:21,54
DA:22,40
DA:25,14
DA:27,14
DA:28,18
DA:31,14
DA:35,2
DA:36,10
DA:38,10
DA:39,36
DA:40,36
DA:41,36
DA:43,36
DA:44,44
DA:45,44
DA:47,44
DA:51,44
DA:54,36
DA:57,10
DA:60,2
LF:26
LH:26
BRDA:11,0,0,28
BRDA:11,0,1,16
BRDA:12,1,0,16
BRDA:12,1,1,8
BRDA:21,2,0,40
BRDA:21,2,1,14
BRDA:22,3,0,2
BRDA:22,3,1,38
BRDA:34,4,0,2
BRDA:47,5,0,8
BRDA:47,5,1,36
BRF:11
BRH:11
end_of_record
TN:
SF:src/utils/isObject.js
FN:1,(anonymous_0)
FNF:1
FNH:1
FNDA:146,(anonymous_0)
DA:1,146
LF:1
LH:1
BRDA:1,0,0,146
BRDA:1,0,1,54
BRDA:1,0,2,54
BRF:3
BRH:3
end_of_record
